<?xml version="1.0" encoding="UTF-8"?>
<!-- Generated by org.testng.reporters.JUnitReportReporter -->
<testsuite ignored="0" hostname="As-MacBook-Air.local" failures="0" tests="1" name="test.CreatePageTest" time="3.755" errors="0" timestamp="28 Sep 2023 13:11:15 GMT" skipped="0">
  <testcase classname="test.CreatePageTest" name="CreateTest" time="3.755"/>
</testsuite> <!-- test.CreatePageTest -->
