<?xml version="1.0" encoding="UTF-8"?>
<!-- Generated by org.testng.reporters.JUnitReportReporter -->
<testsuite ignored="0" hostname="As-MacBook-Air.local" failures="0" tests="1" name="test.HomePageTest" time="0.089" errors="0" timestamp="10 Oct 2023 16:26:20 GMT" skipped="0">
  <testcase classname="test.HomePageTest" name="hometest" time="0.089"/>
</testsuite> <!-- test.HomePageTest -->
